[debug] [2025-05-14T21:42:32.363Z] ----------------------------------------------------------------------
[debug] [2025-05-14T21:42:32.364Z] Command:       /Users/williampeytz/.nvm/versions/node/v18.20.6/bin/node /Users/williampeytz/.nvm/versions/node/v18.20.6/bin/firebase deploy --only functions
[debug] [2025-05-14T21:42:32.365Z] CLI Version:   13.35.1
[debug] [2025-05-14T21:42:32.365Z] Platform:      darwin
[debug] [2025-05-14T21:42:32.365Z] Node Version:  v18.20.6
[debug] [2025-05-14T21:42:32.368Z] Time:          Wed May 14 2025 23:42:32 GMT+0200 (Central European Summer Time)
[debug] [2025-05-14T21:42:32.368Z] ----------------------------------------------------------------------
[debug] 
[debug] [2025-05-14T21:42:32.464Z] > command requires scopes: ["email","openid","https://www.googleapis.com/auth/cloudplatformprojects.readonly","https://www.googleapis.com/auth/firebase","https://www.googleapis.com/auth/cloud-platform"]
[debug] [2025-05-14T21:42:32.464Z] > authorizing via signed-in user (williamhkp@gmail.com)
[debug] [2025-05-14T21:42:32.465Z] [iam] checking project housed-app for permissions ["cloudfunctions.functions.create","cloudfunctions.functions.delete","cloudfunctions.functions.get","cloudfunctions.functions.list","cloudfunctions.functions.update","cloudfunctions.operations.get","firebase.projects.get"]
[debug] [2025-05-14T21:42:32.465Z] Checked if tokens are valid: false, expires at: 1747249378111
[debug] [2025-05-14T21:42:32.465Z] Checked if tokens are valid: false, expires at: 1747249378111
[debug] [2025-05-14T21:42:32.465Z] > refreshing access token with scopes: []
[debug] [2025-05-14T21:42:32.466Z] >>> [apiv2][query] POST https://www.googleapis.com/oauth2/v3/token [none]
[debug] [2025-05-14T21:42:32.466Z] >>> [apiv2][body] POST https://www.googleapis.com/oauth2/v3/token [omitted]
[debug] [2025-05-14T21:42:32.697Z] <<< [apiv2][status] POST https://www.googleapis.com/oauth2/v3/token 200
[debug] [2025-05-14T21:42:32.697Z] <<< [apiv2][body] POST https://www.googleapis.com/oauth2/v3/token [omitted]
[debug] [2025-05-14T21:42:32.711Z] >>> [apiv2][query] POST https://cloudresourcemanager.googleapis.com/v1/projects/housed-app:testIamPermissions [none]
[debug] [2025-05-14T21:42:32.711Z] >>> [apiv2][(partial)header] POST https://cloudresourcemanager.googleapis.com/v1/projects/housed-app:testIamPermissions x-goog-quota-user=projects/housed-app
[debug] [2025-05-14T21:42:32.712Z] >>> [apiv2][body] POST https://cloudresourcemanager.googleapis.com/v1/projects/housed-app:testIamPermissions {"permissions":["cloudfunctions.functions.create","cloudfunctions.functions.delete","cloudfunctions.functions.get","cloudfunctions.functions.list","cloudfunctions.functions.update","cloudfunctions.operations.get","firebase.projects.get"]}
[debug] [2025-05-14T21:42:33.470Z] <<< [apiv2][status] POST https://cloudresourcemanager.googleapis.com/v1/projects/housed-app:testIamPermissions 200
[debug] [2025-05-14T21:42:33.470Z] <<< [apiv2][body] POST https://cloudresourcemanager.googleapis.com/v1/projects/housed-app:testIamPermissions {"permissions":["cloudfunctions.functions.create","cloudfunctions.functions.delete","cloudfunctions.functions.get","cloudfunctions.functions.list","cloudfunctions.functions.update","cloudfunctions.operations.get","firebase.projects.get"]}
[debug] [2025-05-14T21:42:33.470Z] Checked if tokens are valid: true, expires at: 1747262551697
[debug] [2025-05-14T21:42:33.470Z] Checked if tokens are valid: true, expires at: 1747262551697
[debug] [2025-05-14T21:42:33.470Z] >>> [apiv2][query] POST https://iam.googleapis.com/v1/projects/housed-app/serviceAccounts/housed-app@appspot.gserviceaccount.com:testIamPermissions [none]
[debug] [2025-05-14T21:42:33.470Z] >>> [apiv2][body] POST https://iam.googleapis.com/v1/projects/housed-app/serviceAccounts/housed-app@appspot.gserviceaccount.com:testIamPermissions {"permissions":["iam.serviceAccounts.actAs"]}
[debug] [2025-05-14T21:42:34.249Z] <<< [apiv2][status] POST https://iam.googleapis.com/v1/projects/housed-app/serviceAccounts/housed-app@appspot.gserviceaccount.com:testIamPermissions 200
[debug] [2025-05-14T21:42:34.249Z] <<< [apiv2][body] POST https://iam.googleapis.com/v1/projects/housed-app/serviceAccounts/housed-app@appspot.gserviceaccount.com:testIamPermissions {"permissions":["iam.serviceAccounts.actAs"]}
[info] 
[info] === Deploying to 'housed-app'...
[info] 
[info] i  deploying functions 
[debug] [2025-05-14T21:42:34.253Z] Checked if tokens are valid: true, expires at: 1747262551697
[debug] [2025-05-14T21:42:34.253Z] Checked if tokens are valid: true, expires at: 1747262551697
[debug] [2025-05-14T21:42:34.253Z] >>> [apiv2][query] GET https://cloudresourcemanager.googleapis.com/v1/projects/housed-app [none]
[debug] [2025-05-14T21:42:35.050Z] <<< [apiv2][status] GET https://cloudresourcemanager.googleapis.com/v1/projects/housed-app 200
[debug] [2025-05-14T21:42:35.050Z] <<< [apiv2][body] GET https://cloudresourcemanager.googleapis.com/v1/projects/housed-app {"projectNumber":"689861315780","projectId":"housed-app","lifecycleState":"ACTIVE","name":"Housed","labels":{"firebase":"enabled","firebase-core":"disabled"},"createTime":"2025-05-14T17:07:19.142091Z"}
[info] i  functions: preparing codebase default for deployment 
[info] i  functions: ensuring required API cloudfunctions.googleapis.com is enabled... 
[debug] [2025-05-14T21:42:35.052Z] Checked if tokens are valid: true, expires at: 1747262551697
[debug] [2025-05-14T21:42:35.052Z] Checked if tokens are valid: true, expires at: 1747262551697
[debug] [2025-05-14T21:42:35.052Z] Checked if tokens are valid: true, expires at: 1747262551697
[debug] [2025-05-14T21:42:35.052Z] Checked if tokens are valid: true, expires at: 1747262551697
[info] i  functions: ensuring required API cloudbuild.googleapis.com is enabled... 
[debug] [2025-05-14T21:42:35.052Z] Checked if tokens are valid: true, expires at: 1747262551697
[debug] [2025-05-14T21:42:35.052Z] Checked if tokens are valid: true, expires at: 1747262551697
[info] i  artifactregistry: ensuring required API artifactregistry.googleapis.com is enabled... 
[debug] [2025-05-14T21:42:35.052Z] Checked if tokens are valid: true, expires at: 1747262551697
[debug] [2025-05-14T21:42:35.052Z] Checked if tokens are valid: true, expires at: 1747262551697
[debug] [2025-05-14T21:42:35.053Z] >>> [apiv2][query] GET https://serviceusage.googleapis.com/v1/projects/housed-app/services/cloudfunctions.googleapis.com [none]
[debug] [2025-05-14T21:42:35.053Z] >>> [apiv2][(partial)header] GET https://serviceusage.googleapis.com/v1/projects/housed-app/services/cloudfunctions.googleapis.com x-goog-quota-user=projects/housed-app
[debug] [2025-05-14T21:42:35.054Z] >>> [apiv2][query] GET https://serviceusage.googleapis.com/v1/projects/housed-app/services/runtimeconfig.googleapis.com [none]
[debug] [2025-05-14T21:42:35.054Z] >>> [apiv2][(partial)header] GET https://serviceusage.googleapis.com/v1/projects/housed-app/services/runtimeconfig.googleapis.com x-goog-quota-user=projects/housed-app
[debug] [2025-05-14T21:42:35.055Z] >>> [apiv2][query] GET https://serviceusage.googleapis.com/v1/projects/housed-app/services/cloudbuild.googleapis.com [none]
[debug] [2025-05-14T21:42:35.055Z] >>> [apiv2][(partial)header] GET https://serviceusage.googleapis.com/v1/projects/housed-app/services/cloudbuild.googleapis.com x-goog-quota-user=projects/housed-app
[debug] [2025-05-14T21:42:35.055Z] >>> [apiv2][query] GET https://serviceusage.googleapis.com/v1/projects/housed-app/services/artifactregistry.googleapis.com [none]
[debug] [2025-05-14T21:42:35.055Z] >>> [apiv2][(partial)header] GET https://serviceusage.googleapis.com/v1/projects/housed-app/services/artifactregistry.googleapis.com x-goog-quota-user=projects/housed-app
[debug] [2025-05-14T21:42:36.129Z] <<< [apiv2][status] GET https://serviceusage.googleapis.com/v1/projects/housed-app/services/runtimeconfig.googleapis.com 200
[debug] [2025-05-14T21:42:36.129Z] <<< [apiv2][body] GET https://serviceusage.googleapis.com/v1/projects/housed-app/services/runtimeconfig.googleapis.com [omitted]
[debug] [2025-05-14T21:42:36.145Z] <<< [apiv2][status] GET https://serviceusage.googleapis.com/v1/projects/housed-app/services/cloudbuild.googleapis.com 200
[debug] [2025-05-14T21:42:36.145Z] <<< [apiv2][body] GET https://serviceusage.googleapis.com/v1/projects/housed-app/services/cloudbuild.googleapis.com [omitted]
[info] ✔  functions: required API cloudbuild.googleapis.com is enabled 
[debug] [2025-05-14T21:42:36.146Z] <<< [apiv2][status] GET https://serviceusage.googleapis.com/v1/projects/housed-app/services/cloudfunctions.googleapis.com 200
[debug] [2025-05-14T21:42:36.146Z] <<< [apiv2][body] GET https://serviceusage.googleapis.com/v1/projects/housed-app/services/cloudfunctions.googleapis.com [omitted]
[info] ✔  functions: required API cloudfunctions.googleapis.com is enabled 
[debug] [2025-05-14T21:42:36.149Z] <<< [apiv2][status] GET https://serviceusage.googleapis.com/v1/projects/housed-app/services/artifactregistry.googleapis.com 200
[debug] [2025-05-14T21:42:36.150Z] <<< [apiv2][body] GET https://serviceusage.googleapis.com/v1/projects/housed-app/services/artifactregistry.googleapis.com [omitted]
[info] ✔  artifactregistry: required API artifactregistry.googleapis.com is enabled 
[debug] [2025-05-14T21:42:36.150Z] Checked if tokens are valid: true, expires at: 1747262551697
[debug] [2025-05-14T21:42:36.150Z] Checked if tokens are valid: true, expires at: 1747262551697
[debug] [2025-05-14T21:42:36.150Z] >>> [apiv2][query] GET https://firebase.googleapis.com/v1beta1/projects/housed-app/adminSdkConfig [none]
[debug] [2025-05-14T21:42:36.449Z] <<< [apiv2][status] GET https://firebase.googleapis.com/v1beta1/projects/housed-app/adminSdkConfig 200
[debug] [2025-05-14T21:42:36.449Z] <<< [apiv2][body] GET https://firebase.googleapis.com/v1beta1/projects/housed-app/adminSdkConfig {"projectId":"housed-app","storageBucket":"housed-app.firebasestorage.app"}
[debug] [2025-05-14T21:42:36.449Z] Checked if tokens are valid: true, expires at: 1747262551697
[debug] [2025-05-14T21:42:36.449Z] Checked if tokens are valid: true, expires at: 1747262551697
[debug] [2025-05-14T21:42:36.450Z] >>> [apiv2][query] GET https://runtimeconfig.googleapis.com/v1beta1/projects/housed-app/configs [none]
[debug] [2025-05-14T21:42:36.773Z] <<< [apiv2][status] GET https://runtimeconfig.googleapis.com/v1beta1/projects/housed-app/configs 200
[debug] [2025-05-14T21:42:36.773Z] <<< [apiv2][body] GET https://runtimeconfig.googleapis.com/v1beta1/projects/housed-app/configs {}
[debug] [2025-05-14T21:42:36.775Z] Validating nodejs source
[warn] ⚠  functions: package.json indicates an outdated version of firebase-functions. Please upgrade using npm install --save firebase-functions@latest in your functions directory. 
[warn] ⚠  functions: Please note that there will be breaking changes when you upgrade. 
[debug] [2025-05-14T21:42:37.329Z] > [functions] package.json contents: {
  "name": "functions",
  "engines": {
    "node": "20"
  },
  "dependencies": {
    "@sendgrid/mail": "^8.1.5",
    "cors": "^2.8.5",
    "firebase-admin": "^11.11.1",
    "firebase-functions": "^5.1.1"
  }
}
[debug] [2025-05-14T21:42:37.330Z] Building nodejs source
[info] i  functions: Loading and analyzing source code for codebase default to determine what to deploy 
[debug] [2025-05-14T21:42:37.330Z] Could not find functions.yaml. Must use http discovery
[debug] [2025-05-14T21:42:37.335Z] Found firebase-functions binary at '/Users/williampeytz/Documents/GitHub/StudentHome/functions/node_modules/.bin/firebase-functions'
[info] Serving at port 8759

[debug] [2025-05-14T21:42:37.591Z] Got response from /__/functions.yaml {"endpoints":{"addToWaitlist":{"platform":"gcfv1","availableMemoryMb":null,"timeoutSeconds":null,"minInstances":null,"maxInstances":null,"ingressSettings":null,"serviceAccountEmail":null,"vpc":null,"httpsTrigger":{},"entryPoint":"addToWaitlist"}},"specVersion":"v1alpha1","requiredAPIs":[],"extensions":{}}
[info] i  extensions: ensuring required API firebaseextensions.googleapis.com is enabled... 
[debug] [2025-05-14T21:42:37.603Z] Checked if tokens are valid: true, expires at: 1747262551697
[debug] [2025-05-14T21:42:37.603Z] Checked if tokens are valid: true, expires at: 1747262551697
[debug] [2025-05-14T21:42:37.603Z] >>> [apiv2][query] GET https://serviceusage.googleapis.com/v1/projects/housed-app/services/firebaseextensions.googleapis.com [none]
[debug] [2025-05-14T21:42:37.603Z] >>> [apiv2][(partial)header] GET https://serviceusage.googleapis.com/v1/projects/housed-app/services/firebaseextensions.googleapis.com x-goog-quota-user=projects/housed-app
[debug] [2025-05-14T21:42:38.481Z] <<< [apiv2][status] GET https://serviceusage.googleapis.com/v1/projects/housed-app/services/firebaseextensions.googleapis.com 200
[debug] [2025-05-14T21:42:38.481Z] <<< [apiv2][body] GET https://serviceusage.googleapis.com/v1/projects/housed-app/services/firebaseextensions.googleapis.com [omitted]
[info] ✔  extensions: required API firebaseextensions.googleapis.com is enabled 
[debug] [2025-05-14T21:42:38.482Z] > command requires scopes: ["email","openid","https://www.googleapis.com/auth/cloudplatformprojects.readonly","https://www.googleapis.com/auth/firebase","https://www.googleapis.com/auth/cloud-platform"]
[debug] [2025-05-14T21:42:38.482Z] > authorizing via signed-in user (williamhkp@gmail.com)
[debug] [2025-05-14T21:42:38.482Z] [iam] checking project housed-app for permissions ["firebase.projects.get","firebaseextensions.instances.list"]
[debug] [2025-05-14T21:42:38.482Z] Checked if tokens are valid: true, expires at: 1747262551697
[debug] [2025-05-14T21:42:38.482Z] Checked if tokens are valid: true, expires at: 1747262551697
[debug] [2025-05-14T21:42:38.482Z] >>> [apiv2][query] POST https://cloudresourcemanager.googleapis.com/v1/projects/housed-app:testIamPermissions [none]
[debug] [2025-05-14T21:42:38.483Z] >>> [apiv2][(partial)header] POST https://cloudresourcemanager.googleapis.com/v1/projects/housed-app:testIamPermissions x-goog-quota-user=projects/housed-app
[debug] [2025-05-14T21:42:38.483Z] >>> [apiv2][body] POST https://cloudresourcemanager.googleapis.com/v1/projects/housed-app:testIamPermissions {"permissions":["firebase.projects.get","firebaseextensions.instances.list"]}
[debug] [2025-05-14T21:42:39.247Z] <<< [apiv2][status] POST https://cloudresourcemanager.googleapis.com/v1/projects/housed-app:testIamPermissions 200
[debug] [2025-05-14T21:42:39.247Z] <<< [apiv2][body] POST https://cloudresourcemanager.googleapis.com/v1/projects/housed-app:testIamPermissions {"permissions":["firebase.projects.get","firebaseextensions.instances.list"]}
[debug] [2025-05-14T21:42:39.247Z] Checked if tokens are valid: true, expires at: 1747262551697
[debug] [2025-05-14T21:42:39.248Z] Checked if tokens are valid: true, expires at: 1747262551697
[debug] [2025-05-14T21:42:39.248Z] >>> [apiv2][query] GET https://firebaseextensions.googleapis.com/v1beta/projects/housed-app/instances pageSize=100&pageToken=
[debug] [2025-05-14T21:42:40.171Z] <<< [apiv2][status] GET https://firebaseextensions.googleapis.com/v1beta/projects/housed-app/instances 200
[debug] [2025-05-14T21:42:40.172Z] <<< [apiv2][body] GET https://firebaseextensions.googleapis.com/v1beta/projects/housed-app/instances {}
[info] i  functions: Loaded environment variables from .env. 
[info] i  functions: preparing functions directory for uploading... 
[info] i  functions: packaged /Users/williampeytz/Documents/GitHub/StudentHome/functions (75.02 KB) for uploading 
[debug] [2025-05-14T21:42:40.214Z] Checked if tokens are valid: true, expires at: 1747262551697
[debug] [2025-05-14T21:42:40.214Z] Checked if tokens are valid: true, expires at: 1747262551697
[debug] [2025-05-14T21:42:40.214Z] >>> [apiv2][query] GET https://cloudfunctions.googleapis.com/v1/projects/housed-app/locations/-/functions [none]
[debug] [2025-05-14T21:42:40.991Z] <<< [apiv2][status] GET https://cloudfunctions.googleapis.com/v1/projects/housed-app/locations/-/functions 200
[debug] [2025-05-14T21:42:40.991Z] <<< [apiv2][body] GET https://cloudfunctions.googleapis.com/v1/projects/housed-app/locations/-/functions {"functions":[{"name":"projects/housed-app/locations/us-central1/functions/addToWaitlist","httpsTrigger":{"url":"https://us-central1-housed-app.cloudfunctions.net/addToWaitlist","securityLevel":"SECURE_ALWAYS"},"status":"ACTIVE","entryPoint":"addToWaitlist","timeout":"60s","availableMemoryMb":256,"serviceAccountEmail":"housed-app@appspot.gserviceaccount.com","updateTime":"2025-05-14T18:13:55.838849481Z","versionId":"1","labels":{"deployment-tool":"cli-firebase","firebase-functions-hash":"426092de8f987e8c03fdad44bdb3b63c012644ba"},"sourceUploadUrl":"https://storage.googleapis.com/uploads-739309159133.us-central1.cloudfunctions.appspot.com/43b29985-82b9-4893-8d5c-251666dc6f22.zip","environmentVariables":{"FIREBASE_CONFIG":"{\"projectId\":\"housed-app\",\"storageBucket\":\"housed-app.firebasestorage.app\"}","GCLOUD_PROJECT":"housed-app","EVENTARC_CLOUD_EVENT_SOURCE":"projects/housed-app/locations/us-central1/functions/addToWaitlist"},"runtime":"nodejs20","ingressSettings":"ALLOW_ALL","buildId":"cd5a01bc-3cdb-439d-9305-d70a66206e01","buildEnvironmentVariables":{"GOOGLE_NODE_RUN_SCRIPTS":""},"buildName":"projects/689861315780/locations/us-central1/builds/cd5a01bc-3cdb-439d-9305-d70a66206e01","dockerRegistry":"ARTIFACT_REGISTRY","automaticUpdatePolicy":{},"buildServiceAccount":"projects/housed-app/serviceAccounts/689861315780-compute@developer.gserviceaccount.com","satisfiesPzi":true}]}
[debug] [2025-05-14T21:42:40.992Z] Checked if tokens are valid: true, expires at: 1747262551697
[debug] [2025-05-14T21:42:40.992Z] Checked if tokens are valid: true, expires at: 1747262551697
[debug] [2025-05-14T21:42:40.993Z] >>> [apiv2][query] GET https://cloudfunctions.googleapis.com/v2/projects/housed-app/locations/-/functions filter=environment%3D%22GEN_2%22
[debug] [2025-05-14T21:42:42.052Z] <<< [apiv2][status] GET https://cloudfunctions.googleapis.com/v2/projects/housed-app/locations/-/functions 200
[debug] [2025-05-14T21:42:42.052Z] <<< [apiv2][body] GET https://cloudfunctions.googleapis.com/v2/projects/housed-app/locations/-/functions {}
[debug] [2025-05-14T21:42:42.056Z] Checked if tokens are valid: true, expires at: 1747262551697
[debug] [2025-05-14T21:42:42.056Z] Checked if tokens are valid: true, expires at: 1747262551697
[debug] [2025-05-14T21:42:42.056Z] >>> [apiv2][query] GET https://cloudresourcemanager.googleapis.com/v1/projects/housed-app [none]
[debug] [2025-05-14T21:42:42.807Z] <<< [apiv2][status] GET https://cloudresourcemanager.googleapis.com/v1/projects/housed-app 200
[debug] [2025-05-14T21:42:42.807Z] <<< [apiv2][body] GET https://cloudresourcemanager.googleapis.com/v1/projects/housed-app {"projectNumber":"689861315780","projectId":"housed-app","lifecycleState":"ACTIVE","name":"Housed","labels":{"firebase":"enabled","firebase-core":"disabled"},"createTime":"2025-05-14T17:07:19.142091Z"}
[debug] [2025-05-14T21:42:42.809Z] Checked if tokens are valid: true, expires at: 1747262551697
[debug] [2025-05-14T21:42:42.809Z] Checked if tokens are valid: true, expires at: 1747262551697
[debug] [2025-05-14T21:42:42.809Z] >>> [apiv2][query] GET https://cloudbilling.googleapis.com/v1/projects/housed-app/billingInfo [none]
[debug] [2025-05-14T21:42:43.654Z] <<< [apiv2][status] GET https://cloudbilling.googleapis.com/v1/projects/housed-app/billingInfo 200
[debug] [2025-05-14T21:42:43.654Z] <<< [apiv2][body] GET https://cloudbilling.googleapis.com/v1/projects/housed-app/billingInfo {"name":"projects/housed-app/billingInfo","projectId":"housed-app","billingAccountName":"billingAccounts/012806-1C7DB5-243FCD","billingEnabled":true}
[debug] [2025-05-14T21:42:43.656Z] Checked if tokens are valid: true, expires at: 1747262551697
[debug] [2025-05-14T21:42:43.656Z] Checked if tokens are valid: true, expires at: 1747262551697
[debug] [2025-05-14T21:42:43.657Z] >>> [apiv2][query] POST https://cloudfunctions.googleapis.com/v1/projects/housed-app/locations/us-central1/functions:generateUploadUrl [none]
[debug] [2025-05-14T21:42:43.657Z] >>> [apiv2][body] POST https://cloudfunctions.googleapis.com/v1/projects/housed-app/locations/us-central1/functions:generateUploadUrl {}
[debug] [2025-05-14T21:42:44.365Z] <<< [apiv2][status] POST https://cloudfunctions.googleapis.com/v1/projects/housed-app/locations/us-central1/functions:generateUploadUrl 200
[debug] [2025-05-14T21:42:44.365Z] <<< [apiv2][body] POST https://cloudfunctions.googleapis.com/v1/projects/housed-app/locations/us-central1/functions:generateUploadUrl {"uploadUrl":"https://storage.googleapis.com/uploads-739309159133.us-central1.cloudfunctions.appspot.com/82153e05-b049-4961-b1df-32f6d75e660e.zip?GoogleAccessId=service-689861315780@gcf-admin-robot.iam.gserviceaccount.com&Expires=1747260764&Signature=fR%2BSl7ONiXAEVuGZ%2B2%2FtzuOaGzjOX9WGG1Dh2ZW0rAUNQd48Msdb2ao8UqO6XWFx0o4ZoSqeKJPybKNH18q%2BOnasfdY%2FG5XL4FLIOz2VDneJBRfFZInbnk68Bjy9RvSJj1GrhwCK9TCNMAuUY0rONigF%2F6JdK%2By9GeEqY5ek4%2F0hzifNNn%2BoGsTN0a%2FXw3UXULnvuU3nN0O4QZlJPiKQl15uiK7HadsCCTbaP%2FhcCKH0jh%2Bjfl3NFXiTK09N03sMyiwBP0JT4LWyhCY5U7iR0oSv17SMD3lZxLoyRmkxSNK%2FaVq9Ntdg%2F2Rz6TyJy%2F%2BjylPSzGq32QEP33JEmaY8BQ%3D%3D"}
[debug] [2025-05-14T21:42:44.367Z] >>> [apiv2][query] PUT https://storage.googleapis.com/uploads-739309159133.us-central1.cloudfunctions.appspot.com/82153e05-b049-4961-b1df-32f6d75e660e.zip GoogleAccessId=service-689861315780%40gcf-admin-robot.iam.gserviceaccount.com&Expires=1747260764&Signature=fR%2BSl7ONiXAEVuGZ%2B2%2FtzuOaGzjOX9WGG1Dh2ZW0rAUNQd48Msdb2ao8UqO6XWFx0o4ZoSqeKJPybKNH18q%2BOnasfdY%2FG5XL4FLIOz2VDneJBRfFZInbnk68Bjy9RvSJj1GrhwCK9TCNMAuUY0rONigF%2F6JdK%2By9GeEqY5ek4%2F0hzifNNn%2BoGsTN0a%2FXw3UXULnvuU3nN0O4QZlJPiKQl15uiK7HadsCCTbaP%2FhcCKH0jh%2Bjfl3NFXiTK09N03sMyiwBP0JT4LWyhCY5U7iR0oSv17SMD3lZxLoyRmkxSNK%2FaVq9Ntdg%2F2Rz6TyJy%2F%2BjylPSzGq32QEP33JEmaY8BQ%3D%3D
[debug] [2025-05-14T21:42:44.367Z] >>> [apiv2][body] PUT https://storage.googleapis.com/uploads-739309159133.us-central1.cloudfunctions.appspot.com/82153e05-b049-4961-b1df-32f6d75e660e.zip [stream]
[debug] [2025-05-14T21:42:45.088Z] <<< [apiv2][status] PUT https://storage.googleapis.com/uploads-739309159133.us-central1.cloudfunctions.appspot.com/82153e05-b049-4961-b1df-32f6d75e660e.zip 200
[debug] [2025-05-14T21:42:45.088Z] <<< [apiv2][body] PUT https://storage.googleapis.com/uploads-739309159133.us-central1.cloudfunctions.appspot.com/82153e05-b049-4961-b1df-32f6d75e660e.zip [omitted]
[info] ✔  functions: functions folder uploaded successfully 
[info] i  functions: updating Node.js 20 (1st Gen) function addToWaitlist(us-central1)... 
[debug] [2025-05-14T21:42:45.093Z] Checked if tokens are valid: true, expires at: 1747262551697
[debug] [2025-05-14T21:42:45.093Z] Checked if tokens are valid: true, expires at: 1747262551697
[debug] [2025-05-14T21:42:45.094Z] >>> [apiv2][query] PATCH https://cloudfunctions.googleapis.com/v1/projects/housed-app/locations/us-central1/functions/addToWaitlist updateMask=name%2CsourceUploadUrl%2CentryPoint%2Cruntime%2CdockerRegistry%2Clabels%2ChttpsTrigger.securityLevel%2CminInstances%2CmaxInstances%2CingressSettings%2CenvironmentVariables%2CserviceAccountEmail%2CavailableMemoryMb%2Ctimeout%2CvpcConnector%2CvpcConnectorEgressSettings%2CsourceToken%2CbuildEnvironmentVariables
[debug] [2025-05-14T21:42:45.094Z] >>> [apiv2][body] PATCH https://cloudfunctions.googleapis.com/v1/projects/housed-app/locations/us-central1/functions/addToWaitlist {"name":"projects/housed-app/locations/us-central1/functions/addToWaitlist","sourceUploadUrl":"https://storage.googleapis.com/uploads-739309159133.us-central1.cloudfunctions.appspot.com/82153e05-b049-4961-b1df-32f6d75e660e.zip?GoogleAccessId=service-689861315780@gcf-admin-robot.iam.gserviceaccount.com&Expires=1747260764&Signature=fR%2BSl7ONiXAEVuGZ%2B2%2FtzuOaGzjOX9WGG1Dh2ZW0rAUNQd48Msdb2ao8UqO6XWFx0o4ZoSqeKJPybKNH18q%2BOnasfdY%2FG5XL4FLIOz2VDneJBRfFZInbnk68Bjy9RvSJj1GrhwCK9TCNMAuUY0rONigF%2F6JdK%2By9GeEqY5ek4%2F0hzifNNn%2BoGsTN0a%2FXw3UXULnvuU3nN0O4QZlJPiKQl15uiK7HadsCCTbaP%2FhcCKH0jh%2Bjfl3NFXiTK09N03sMyiwBP0JT4LWyhCY5U7iR0oSv17SMD3lZxLoyRmkxSNK%2FaVq9Ntdg%2F2Rz6TyJy%2F%2BjylPSzGq32QEP33JEmaY8BQ%3D%3D","entryPoint":"addToWaitlist","runtime":"nodejs20","dockerRegistry":"ARTIFACT_REGISTRY","labels":{"deployment-tool":"cli-firebase","firebase-functions-hash":"dfca0a39d15dc7d6799febd30e7c8759b8ca69f2"},"httpsTrigger":{"securityLevel":"SECURE_ALWAYS"},"minInstances":null,"maxInstances":null,"ingressSettings":null,"environmentVariables":{"FIREBASE_CONFIG":"{\"projectId\":\"housed-app\",\"storageBucket\":\"housed-app.firebasestorage.app\"}","GCLOUD_PROJECT":"housed-app","EVENTARC_CLOUD_EVENT_SOURCE":"projects/housed-app/locations/us-central1/functions/addToWaitlist"},"serviceAccountEmail":null,"availableMemoryMb":null,"timeout":null,"vpcConnector":null,"vpcConnectorEgressSettings":null,"buildEnvironmentVariables":{"GOOGLE_NODE_RUN_SCRIPTS":""}}
[debug] [2025-05-14T21:42:45.700Z] <<< [apiv2][status] PATCH https://cloudfunctions.googleapis.com/v1/projects/housed-app/locations/us-central1/functions/addToWaitlist 200
[debug] [2025-05-14T21:42:45.700Z] <<< [apiv2][body] PATCH https://cloudfunctions.googleapis.com/v1/projects/housed-app/locations/us-central1/functions/addToWaitlist {"name":"operations/aG91c2VkLWFwcC91cy1jZW50cmFsMS9hZGRUb1dhaXRsaXN0L0pJTlRkVzlGeWFv","metadata":{"@type":"type.googleapis.com/google.cloud.functions.v1.OperationMetadataV1","target":"projects/housed-app/locations/us-central1/functions/addToWaitlist","type":"UPDATE_FUNCTION","request":{"@type":"type.googleapis.com/google.cloud.functions.v1.CloudFunction","name":"projects/housed-app/locations/us-central1/functions/addToWaitlist","httpsTrigger":{"url":"https://us-central1-housed-app.cloudfunctions.net/addToWaitlist","securityLevel":"SECURE_ALWAYS"},"status":"ACTIVE","entryPoint":"addToWaitlist","updateTime":"2025-05-14T18:13:52.977Z","versionId":"1","labels":{"deployment-tool":"cli-firebase","firebase-functions-hash":"dfca0a39d15dc7d6799febd30e7c8759b8ca69f2"},"sourceUploadUrl":"https://storage.googleapis.com/uploads-739309159133.us-central1.cloudfunctions.appspot.com/82153e05-b049-4961-b1df-32f6d75e660e.zip?GoogleAccessId=service-689861315780@gcf-admin-robot.iam.gserviceaccount.com&Expires=1747260764&Signature=fR%2BSl7ONiXAEVuGZ%2B2%2FtzuOaGzjOX9WGG1Dh2ZW0rAUNQd48Msdb2ao8UqO6XWFx0o4ZoSqeKJPybKNH18q%2BOnasfdY%2FG5XL4FLIOz2VDneJBRfFZInbnk68Bjy9RvSJj1GrhwCK9TCNMAuUY0rONigF%2F6JdK%2By9GeEqY5ek4%2F0hzifNNn%2BoGsTN0a%2FXw3UXULnvuU3nN0O4QZlJPiKQl15uiK7HadsCCTbaP%2FhcCKH0jh%2Bjfl3NFXiTK09N03sMyiwBP0JT4LWyhCY5U7iR0oSv17SMD3lZxLoyRmkxSNK%2FaVq9Ntdg%2F2Rz6TyJy%2F%2BjylPSzGq32QEP33JEmaY8BQ%3D%3D","environmentVariables":{"FIREBASE_CONFIG":"{\"projectId\":\"housed-app\",\"storageBucket\":\"housed-app.firebasestorage.app\"}","GCLOUD_PROJECT":"housed-app","EVENTARC_CLOUD_EVENT_SOURCE":"projects/housed-app/locations/us-central1/functions/addToWaitlist"},"runtime":"nodejs20","buildId":"cd5a01bc-3cdb-439d-9305-d70a66206e01","buildEnvironmentVariables":{"GOOGLE_NODE_RUN_SCRIPTS":""},"buildName":"projects/689861315780/locations/us-central1/builds/cd5a01bc-3cdb-439d-9305-d70a66206e01","dockerRegistry":"ARTIFACT_REGISTRY","automaticUpdatePolicy":{},"buildServiceAccount":"projects/housed-app/serviceAccounts/689861315780-compute@developer.gserviceaccount.com"},"versionId":"2","updateTime":"2025-05-14T21:42:45Z"}}
[debug] [2025-05-14T21:42:45.701Z] Checked if tokens are valid: true, expires at: 1747262551697
[debug] [2025-05-14T21:42:45.701Z] Checked if tokens are valid: true, expires at: 1747262551697
[debug] [2025-05-14T21:42:45.701Z] >>> [apiv2][query] GET https://cloudfunctions.googleapis.com/v1/operations/aG91c2VkLWFwcC91cy1jZW50cmFsMS9hZGRUb1dhaXRsaXN0L0pJTlRkVzlGeWFv [none]
[debug] [2025-05-14T21:42:46.000Z] <<< [apiv2][status] GET https://cloudfunctions.googleapis.com/v1/operations/aG91c2VkLWFwcC91cy1jZW50cmFsMS9hZGRUb1dhaXRsaXN0L0pJTlRkVzlGeWFv 200
[debug] [2025-05-14T21:42:46.001Z] <<< [apiv2][body] GET https://cloudfunctions.googleapis.com/v1/operations/aG91c2VkLWFwcC91cy1jZW50cmFsMS9hZGRUb1dhaXRsaXN0L0pJTlRkVzlGeWFv {"name":"operations/aG91c2VkLWFwcC91cy1jZW50cmFsMS9hZGRUb1dhaXRsaXN0L0pJTlRkVzlGeWFv","metadata":{"@type":"type.googleapis.com/google.cloud.functions.v1.OperationMetadataV1","target":"projects/housed-app/locations/us-central1/functions/addToWaitlist","type":"UPDATE_FUNCTION","request":{"@type":"type.googleapis.com/google.cloud.functions.v1.CloudFunction","name":"projects/housed-app/locations/us-central1/functions/addToWaitlist","httpsTrigger":{"url":"https://us-central1-housed-app.cloudfunctions.net/addToWaitlist","securityLevel":"SECURE_ALWAYS"},"status":"ACTIVE","entryPoint":"addToWaitlist","updateTime":"2025-05-14T18:13:52.977Z","versionId":"1","labels":{"deployment-tool":"cli-firebase","firebase-functions-hash":"dfca0a39d15dc7d6799febd30e7c8759b8ca69f2"},"sourceUploadUrl":"https://storage.googleapis.com/uploads-739309159133.us-central1.cloudfunctions.appspot.com/82153e05-b049-4961-b1df-32f6d75e660e.zip?GoogleAccessId=service-689861315780@gcf-admin-robot.iam.gserviceaccount.com&Expires=1747260764&Signature=fR%2BSl7ONiXAEVuGZ%2B2%2FtzuOaGzjOX9WGG1Dh2ZW0rAUNQd48Msdb2ao8UqO6XWFx0o4ZoSqeKJPybKNH18q%2BOnasfdY%2FG5XL4FLIOz2VDneJBRfFZInbnk68Bjy9RvSJj1GrhwCK9TCNMAuUY0rONigF%2F6JdK%2By9GeEqY5ek4%2F0hzifNNn%2BoGsTN0a%2FXw3UXULnvuU3nN0O4QZlJPiKQl15uiK7HadsCCTbaP%2FhcCKH0jh%2Bjfl3NFXiTK09N03sMyiwBP0JT4LWyhCY5U7iR0oSv17SMD3lZxLoyRmkxSNK%2FaVq9Ntdg%2F2Rz6TyJy%2F%2BjylPSzGq32QEP33JEmaY8BQ%3D%3D","environmentVariables":{"FIREBASE_CONFIG":"{\"projectId\":\"housed-app\",\"storageBucket\":\"housed-app.firebasestorage.app\"}","GCLOUD_PROJECT":"housed-app","EVENTARC_CLOUD_EVENT_SOURCE":"projects/housed-app/locations/us-central1/functions/addToWaitlist"},"runtime":"nodejs20","buildId":"cd5a01bc-3cdb-439d-9305-d70a66206e01","buildEnvironmentVariables":{"GOOGLE_NODE_RUN_SCRIPTS":""},"buildName":"projects/689861315780/locations/us-central1/builds/cd5a01bc-3cdb-439d-9305-d70a66206e01","dockerRegistry":"ARTIFACT_REGISTRY","automaticUpdatePolicy":{},"buildServiceAccount":"projects/housed-app/serviceAccounts/689861315780-compute@developer.gserviceaccount.com"},"versionId":"2","updateTime":"2025-05-14T21:42:45Z"}}
[debug] [2025-05-14T21:42:46.503Z] [update-default-us-central1-addToWaitlist] Retrying task index 0
[debug] [2025-05-14T21:42:46.504Z] Checked if tokens are valid: true, expires at: 1747262551697
[debug] [2025-05-14T21:42:46.504Z] Checked if tokens are valid: true, expires at: 1747262551697
[debug] [2025-05-14T21:42:46.505Z] >>> [apiv2][query] GET https://cloudfunctions.googleapis.com/v1/operations/aG91c2VkLWFwcC91cy1jZW50cmFsMS9hZGRUb1dhaXRsaXN0L0pJTlRkVzlGeWFv [none]
[debug] [2025-05-14T21:42:46.820Z] <<< [apiv2][status] GET https://cloudfunctions.googleapis.com/v1/operations/aG91c2VkLWFwcC91cy1jZW50cmFsMS9hZGRUb1dhaXRsaXN0L0pJTlRkVzlGeWFv 200
[debug] [2025-05-14T21:42:46.820Z] <<< [apiv2][body] GET https://cloudfunctions.googleapis.com/v1/operations/aG91c2VkLWFwcC91cy1jZW50cmFsMS9hZGRUb1dhaXRsaXN0L0pJTlRkVzlGeWFv {"name":"operations/aG91c2VkLWFwcC91cy1jZW50cmFsMS9hZGRUb1dhaXRsaXN0L0pJTlRkVzlGeWFv","metadata":{"@type":"type.googleapis.com/google.cloud.functions.v1.OperationMetadataV1","target":"projects/housed-app/locations/us-central1/functions/addToWaitlist","type":"UPDATE_FUNCTION","request":{"@type":"type.googleapis.com/google.cloud.functions.v1.CloudFunction","name":"projects/housed-app/locations/us-central1/functions/addToWaitlist","httpsTrigger":{"url":"https://us-central1-housed-app.cloudfunctions.net/addToWaitlist","securityLevel":"SECURE_ALWAYS"},"status":"ACTIVE","entryPoint":"addToWaitlist","updateTime":"2025-05-14T18:13:52.977Z","versionId":"1","labels":{"deployment-tool":"cli-firebase","firebase-functions-hash":"dfca0a39d15dc7d6799febd30e7c8759b8ca69f2"},"sourceUploadUrl":"https://storage.googleapis.com/uploads-739309159133.us-central1.cloudfunctions.appspot.com/82153e05-b049-4961-b1df-32f6d75e660e.zip?GoogleAccessId=service-689861315780@gcf-admin-robot.iam.gserviceaccount.com&Expires=1747260764&Signature=fR%2BSl7ONiXAEVuGZ%2B2%2FtzuOaGzjOX9WGG1Dh2ZW0rAUNQd48Msdb2ao8UqO6XWFx0o4ZoSqeKJPybKNH18q%2BOnasfdY%2FG5XL4FLIOz2VDneJBRfFZInbnk68Bjy9RvSJj1GrhwCK9TCNMAuUY0rONigF%2F6JdK%2By9GeEqY5ek4%2F0hzifNNn%2BoGsTN0a%2FXw3UXULnvuU3nN0O4QZlJPiKQl15uiK7HadsCCTbaP%2FhcCKH0jh%2Bjfl3NFXiTK09N03sMyiwBP0JT4LWyhCY5U7iR0oSv17SMD3lZxLoyRmkxSNK%2FaVq9Ntdg%2F2Rz6TyJy%2F%2BjylPSzGq32QEP33JEmaY8BQ%3D%3D","environmentVariables":{"FIREBASE_CONFIG":"{\"projectId\":\"housed-app\",\"storageBucket\":\"housed-app.firebasestorage.app\"}","GCLOUD_PROJECT":"housed-app","EVENTARC_CLOUD_EVENT_SOURCE":"projects/housed-app/locations/us-central1/functions/addToWaitlist"},"runtime":"nodejs20","buildId":"cd5a01bc-3cdb-439d-9305-d70a66206e01","buildEnvironmentVariables":{"GOOGLE_NODE_RUN_SCRIPTS":""},"buildName":"projects/689861315780/locations/us-central1/builds/cd5a01bc-3cdb-439d-9305-d70a66206e01","dockerRegistry":"ARTIFACT_REGISTRY","automaticUpdatePolicy":{},"buildServiceAccount":"projects/housed-app/serviceAccounts/689861315780-compute@developer.gserviceaccount.com"},"versionId":"2","updateTime":"2025-05-14T21:42:45Z","buildId":"87e1e730-003f-47da-a077-f8f0dd68c99e","buildName":"projects/689861315780/locations/us-central1/builds/87e1e730-003f-47da-a077-f8f0dd68c99e"}}
[debug] [2025-05-14T21:42:47.822Z] [update-default-us-central1-addToWaitlist] Retrying task index 0
[debug] [2025-05-14T21:42:47.822Z] Checked if tokens are valid: true, expires at: 1747262551697
[debug] [2025-05-14T21:42:47.822Z] Checked if tokens are valid: true, expires at: 1747262551697
[debug] [2025-05-14T21:42:47.823Z] >>> [apiv2][query] GET https://cloudfunctions.googleapis.com/v1/operations/aG91c2VkLWFwcC91cy1jZW50cmFsMS9hZGRUb1dhaXRsaXN0L0pJTlRkVzlGeWFv [none]
[debug] [2025-05-14T21:42:48.081Z] <<< [apiv2][status] GET https://cloudfunctions.googleapis.com/v1/operations/aG91c2VkLWFwcC91cy1jZW50cmFsMS9hZGRUb1dhaXRsaXN0L0pJTlRkVzlGeWFv 200
[debug] [2025-05-14T21:42:48.082Z] <<< [apiv2][body] GET https://cloudfunctions.googleapis.com/v1/operations/aG91c2VkLWFwcC91cy1jZW50cmFsMS9hZGRUb1dhaXRsaXN0L0pJTlRkVzlGeWFv {"name":"operations/aG91c2VkLWFwcC91cy1jZW50cmFsMS9hZGRUb1dhaXRsaXN0L0pJTlRkVzlGeWFv","metadata":{"@type":"type.googleapis.com/google.cloud.functions.v1.OperationMetadataV1","target":"projects/housed-app/locations/us-central1/functions/addToWaitlist","type":"UPDATE_FUNCTION","request":{"@type":"type.googleapis.com/google.cloud.functions.v1.CloudFunction","name":"projects/housed-app/locations/us-central1/functions/addToWaitlist","httpsTrigger":{"url":"https://us-central1-housed-app.cloudfunctions.net/addToWaitlist","securityLevel":"SECURE_ALWAYS"},"status":"ACTIVE","entryPoint":"addToWaitlist","updateTime":"2025-05-14T18:13:52.977Z","versionId":"1","labels":{"deployment-tool":"cli-firebase","firebase-functions-hash":"dfca0a39d15dc7d6799febd30e7c8759b8ca69f2"},"sourceUploadUrl":"https://storage.googleapis.com/uploads-739309159133.us-central1.cloudfunctions.appspot.com/82153e05-b049-4961-b1df-32f6d75e660e.zip?GoogleAccessId=service-689861315780@gcf-admin-robot.iam.gserviceaccount.com&Expires=1747260764&Signature=fR%2BSl7ONiXAEVuGZ%2B2%2FtzuOaGzjOX9WGG1Dh2ZW0rAUNQd48Msdb2ao8UqO6XWFx0o4ZoSqeKJPybKNH18q%2BOnasfdY%2FG5XL4FLIOz2VDneJBRfFZInbnk68Bjy9RvSJj1GrhwCK9TCNMAuUY0rONigF%2F6JdK%2By9GeEqY5ek4%2F0hzifNNn%2BoGsTN0a%2FXw3UXULnvuU3nN0O4QZlJPiKQl15uiK7HadsCCTbaP%2FhcCKH0jh%2Bjfl3NFXiTK09N03sMyiwBP0JT4LWyhCY5U7iR0oSv17SMD3lZxLoyRmkxSNK%2FaVq9Ntdg%2F2Rz6TyJy%2F%2BjylPSzGq32QEP33JEmaY8BQ%3D%3D","environmentVariables":{"FIREBASE_CONFIG":"{\"projectId\":\"housed-app\",\"storageBucket\":\"housed-app.firebasestorage.app\"}","GCLOUD_PROJECT":"housed-app","EVENTARC_CLOUD_EVENT_SOURCE":"projects/housed-app/locations/us-central1/functions/addToWaitlist"},"runtime":"nodejs20","buildId":"cd5a01bc-3cdb-439d-9305-d70a66206e01","buildEnvironmentVariables":{"GOOGLE_NODE_RUN_SCRIPTS":""},"buildName":"projects/689861315780/locations/us-central1/builds/cd5a01bc-3cdb-439d-9305-d70a66206e01","dockerRegistry":"ARTIFACT_REGISTRY","automaticUpdatePolicy":{},"buildServiceAccount":"projects/housed-app/serviceAccounts/689861315780-compute@developer.gserviceaccount.com"},"versionId":"2","updateTime":"2025-05-14T21:42:45Z","buildId":"87e1e730-003f-47da-a077-f8f0dd68c99e","buildName":"projects/689861315780/locations/us-central1/builds/87e1e730-003f-47da-a077-f8f0dd68c99e"}}
[debug] [2025-05-14T21:42:50.083Z] [update-default-us-central1-addToWaitlist] Retrying task index 0
[debug] [2025-05-14T21:42:50.084Z] Checked if tokens are valid: true, expires at: 1747262551697
[debug] [2025-05-14T21:42:50.084Z] Checked if tokens are valid: true, expires at: 1747262551697
[debug] [2025-05-14T21:42:50.084Z] >>> [apiv2][query] GET https://cloudfunctions.googleapis.com/v1/operations/aG91c2VkLWFwcC91cy1jZW50cmFsMS9hZGRUb1dhaXRsaXN0L0pJTlRkVzlGeWFv [none]
[debug] [2025-05-14T21:42:50.385Z] <<< [apiv2][status] GET https://cloudfunctions.googleapis.com/v1/operations/aG91c2VkLWFwcC91cy1jZW50cmFsMS9hZGRUb1dhaXRsaXN0L0pJTlRkVzlGeWFv 200
[debug] [2025-05-14T21:42:50.385Z] <<< [apiv2][body] GET https://cloudfunctions.googleapis.com/v1/operations/aG91c2VkLWFwcC91cy1jZW50cmFsMS9hZGRUb1dhaXRsaXN0L0pJTlRkVzlGeWFv {"name":"operations/aG91c2VkLWFwcC91cy1jZW50cmFsMS9hZGRUb1dhaXRsaXN0L0pJTlRkVzlGeWFv","metadata":{"@type":"type.googleapis.com/google.cloud.functions.v1.OperationMetadataV1","target":"projects/housed-app/locations/us-central1/functions/addToWaitlist","type":"UPDATE_FUNCTION","request":{"@type":"type.googleapis.com/google.cloud.functions.v1.CloudFunction","name":"projects/housed-app/locations/us-central1/functions/addToWaitlist","httpsTrigger":{"url":"https://us-central1-housed-app.cloudfunctions.net/addToWaitlist","securityLevel":"SECURE_ALWAYS"},"status":"ACTIVE","entryPoint":"addToWaitlist","updateTime":"2025-05-14T18:13:52.977Z","versionId":"1","labels":{"deployment-tool":"cli-firebase","firebase-functions-hash":"dfca0a39d15dc7d6799febd30e7c8759b8ca69f2"},"sourceUploadUrl":"https://storage.googleapis.com/uploads-739309159133.us-central1.cloudfunctions.appspot.com/82153e05-b049-4961-b1df-32f6d75e660e.zip?GoogleAccessId=service-689861315780@gcf-admin-robot.iam.gserviceaccount.com&Expires=1747260764&Signature=fR%2BSl7ONiXAEVuGZ%2B2%2FtzuOaGzjOX9WGG1Dh2ZW0rAUNQd48Msdb2ao8UqO6XWFx0o4ZoSqeKJPybKNH18q%2BOnasfdY%2FG5XL4FLIOz2VDneJBRfFZInbnk68Bjy9RvSJj1GrhwCK9TCNMAuUY0rONigF%2F6JdK%2By9GeEqY5ek4%2F0hzifNNn%2BoGsTN0a%2FXw3UXULnvuU3nN0O4QZlJPiKQl15uiK7HadsCCTbaP%2FhcCKH0jh%2Bjfl3NFXiTK09N03sMyiwBP0JT4LWyhCY5U7iR0oSv17SMD3lZxLoyRmkxSNK%2FaVq9Ntdg%2F2Rz6TyJy%2F%2BjylPSzGq32QEP33JEmaY8BQ%3D%3D","environmentVariables":{"FIREBASE_CONFIG":"{\"projectId\":\"housed-app\",\"storageBucket\":\"housed-app.firebasestorage.app\"}","GCLOUD_PROJECT":"housed-app","EVENTARC_CLOUD_EVENT_SOURCE":"projects/housed-app/locations/us-central1/functions/addToWaitlist"},"runtime":"nodejs20","buildId":"cd5a01bc-3cdb-439d-9305-d70a66206e01","buildEnvironmentVariables":{"GOOGLE_NODE_RUN_SCRIPTS":""},"buildName":"projects/689861315780/locations/us-central1/builds/cd5a01bc-3cdb-439d-9305-d70a66206e01","dockerRegistry":"ARTIFACT_REGISTRY","automaticUpdatePolicy":{},"buildServiceAccount":"projects/housed-app/serviceAccounts/689861315780-compute@developer.gserviceaccount.com"},"versionId":"2","updateTime":"2025-05-14T21:42:45Z","buildId":"87e1e730-003f-47da-a077-f8f0dd68c99e","buildName":"projects/689861315780/locations/us-central1/builds/87e1e730-003f-47da-a077-f8f0dd68c99e"}}
[debug] [2025-05-14T21:42:54.386Z] [update-default-us-central1-addToWaitlist] Retrying task index 0
[debug] [2025-05-14T21:42:54.387Z] Checked if tokens are valid: true, expires at: 1747262551697
[debug] [2025-05-14T21:42:54.387Z] Checked if tokens are valid: true, expires at: 1747262551697
[debug] [2025-05-14T21:42:54.387Z] >>> [apiv2][query] GET https://cloudfunctions.googleapis.com/v1/operations/aG91c2VkLWFwcC91cy1jZW50cmFsMS9hZGRUb1dhaXRsaXN0L0pJTlRkVzlGeWFv [none]
[debug] [2025-05-14T21:42:54.656Z] <<< [apiv2][status] GET https://cloudfunctions.googleapis.com/v1/operations/aG91c2VkLWFwcC91cy1jZW50cmFsMS9hZGRUb1dhaXRsaXN0L0pJTlRkVzlGeWFv 200
[debug] [2025-05-14T21:42:54.656Z] <<< [apiv2][body] GET https://cloudfunctions.googleapis.com/v1/operations/aG91c2VkLWFwcC91cy1jZW50cmFsMS9hZGRUb1dhaXRsaXN0L0pJTlRkVzlGeWFv {"name":"operations/aG91c2VkLWFwcC91cy1jZW50cmFsMS9hZGRUb1dhaXRsaXN0L0pJTlRkVzlGeWFv","metadata":{"@type":"type.googleapis.com/google.cloud.functions.v1.OperationMetadataV1","target":"projects/housed-app/locations/us-central1/functions/addToWaitlist","type":"UPDATE_FUNCTION","request":{"@type":"type.googleapis.com/google.cloud.functions.v1.CloudFunction","name":"projects/housed-app/locations/us-central1/functions/addToWaitlist","httpsTrigger":{"url":"https://us-central1-housed-app.cloudfunctions.net/addToWaitlist","securityLevel":"SECURE_ALWAYS"},"status":"ACTIVE","entryPoint":"addToWaitlist","updateTime":"2025-05-14T18:13:52.977Z","versionId":"1","labels":{"deployment-tool":"cli-firebase","firebase-functions-hash":"dfca0a39d15dc7d6799febd30e7c8759b8ca69f2"},"sourceUploadUrl":"https://storage.googleapis.com/uploads-739309159133.us-central1.cloudfunctions.appspot.com/82153e05-b049-4961-b1df-32f6d75e660e.zip?GoogleAccessId=service-689861315780@gcf-admin-robot.iam.gserviceaccount.com&Expires=1747260764&Signature=fR%2BSl7ONiXAEVuGZ%2B2%2FtzuOaGzjOX9WGG1Dh2ZW0rAUNQd48Msdb2ao8UqO6XWFx0o4ZoSqeKJPybKNH18q%2BOnasfdY%2FG5XL4FLIOz2VDneJBRfFZInbnk68Bjy9RvSJj1GrhwCK9TCNMAuUY0rONigF%2F6JdK%2By9GeEqY5ek4%2F0hzifNNn%2BoGsTN0a%2FXw3UXULnvuU3nN0O4QZlJPiKQl15uiK7HadsCCTbaP%2FhcCKH0jh%2Bjfl3NFXiTK09N03sMyiwBP0JT4LWyhCY5U7iR0oSv17SMD3lZxLoyRmkxSNK%2FaVq9Ntdg%2F2Rz6TyJy%2F%2BjylPSzGq32QEP33JEmaY8BQ%3D%3D","environmentVariables":{"FIREBASE_CONFIG":"{\"projectId\":\"housed-app\",\"storageBucket\":\"housed-app.firebasestorage.app\"}","GCLOUD_PROJECT":"housed-app","EVENTARC_CLOUD_EVENT_SOURCE":"projects/housed-app/locations/us-central1/functions/addToWaitlist"},"runtime":"nodejs20","buildId":"cd5a01bc-3cdb-439d-9305-d70a66206e01","buildEnvironmentVariables":{"GOOGLE_NODE_RUN_SCRIPTS":""},"buildName":"projects/689861315780/locations/us-central1/builds/cd5a01bc-3cdb-439d-9305-d70a66206e01","dockerRegistry":"ARTIFACT_REGISTRY","automaticUpdatePolicy":{},"buildServiceAccount":"projects/housed-app/serviceAccounts/689861315780-compute@developer.gserviceaccount.com"},"versionId":"2","updateTime":"2025-05-14T21:42:45Z","buildId":"87e1e730-003f-47da-a077-f8f0dd68c99e","buildName":"projects/689861315780/locations/us-central1/builds/87e1e730-003f-47da-a077-f8f0dd68c99e"}}
[debug] [2025-05-14T21:43:02.658Z] [update-default-us-central1-addToWaitlist] Retrying task index 0
[debug] [2025-05-14T21:43:02.659Z] Checked if tokens are valid: true, expires at: 1747262551697
[debug] [2025-05-14T21:43:02.659Z] Checked if tokens are valid: true, expires at: 1747262551697
[debug] [2025-05-14T21:43:02.659Z] >>> [apiv2][query] GET https://cloudfunctions.googleapis.com/v1/operations/aG91c2VkLWFwcC91cy1jZW50cmFsMS9hZGRUb1dhaXRsaXN0L0pJTlRkVzlGeWFv [none]
[debug] [2025-05-14T21:43:02.952Z] <<< [apiv2][status] GET https://cloudfunctions.googleapis.com/v1/operations/aG91c2VkLWFwcC91cy1jZW50cmFsMS9hZGRUb1dhaXRsaXN0L0pJTlRkVzlGeWFv 200
[debug] [2025-05-14T21:43:02.953Z] <<< [apiv2][body] GET https://cloudfunctions.googleapis.com/v1/operations/aG91c2VkLWFwcC91cy1jZW50cmFsMS9hZGRUb1dhaXRsaXN0L0pJTlRkVzlGeWFv {"name":"operations/aG91c2VkLWFwcC91cy1jZW50cmFsMS9hZGRUb1dhaXRsaXN0L0pJTlRkVzlGeWFv","metadata":{"@type":"type.googleapis.com/google.cloud.functions.v1.OperationMetadataV1","target":"projects/housed-app/locations/us-central1/functions/addToWaitlist","type":"UPDATE_FUNCTION","request":{"@type":"type.googleapis.com/google.cloud.functions.v1.CloudFunction","name":"projects/housed-app/locations/us-central1/functions/addToWaitlist","httpsTrigger":{"url":"https://us-central1-housed-app.cloudfunctions.net/addToWaitlist","securityLevel":"SECURE_ALWAYS"},"status":"ACTIVE","entryPoint":"addToWaitlist","updateTime":"2025-05-14T18:13:52.977Z","versionId":"1","labels":{"deployment-tool":"cli-firebase","firebase-functions-hash":"dfca0a39d15dc7d6799febd30e7c8759b8ca69f2"},"sourceUploadUrl":"https://storage.googleapis.com/uploads-739309159133.us-central1.cloudfunctions.appspot.com/82153e05-b049-4961-b1df-32f6d75e660e.zip?GoogleAccessId=service-689861315780@gcf-admin-robot.iam.gserviceaccount.com&Expires=1747260764&Signature=fR%2BSl7ONiXAEVuGZ%2B2%2FtzuOaGzjOX9WGG1Dh2ZW0rAUNQd48Msdb2ao8UqO6XWFx0o4ZoSqeKJPybKNH18q%2BOnasfdY%2FG5XL4FLIOz2VDneJBRfFZInbnk68Bjy9RvSJj1GrhwCK9TCNMAuUY0rONigF%2F6JdK%2By9GeEqY5ek4%2F0hzifNNn%2BoGsTN0a%2FXw3UXULnvuU3nN0O4QZlJPiKQl15uiK7HadsCCTbaP%2FhcCKH0jh%2Bjfl3NFXiTK09N03sMyiwBP0JT4LWyhCY5U7iR0oSv17SMD3lZxLoyRmkxSNK%2FaVq9Ntdg%2F2Rz6TyJy%2F%2BjylPSzGq32QEP33JEmaY8BQ%3D%3D","environmentVariables":{"FIREBASE_CONFIG":"{\"projectId\":\"housed-app\",\"storageBucket\":\"housed-app.firebasestorage.app\"}","GCLOUD_PROJECT":"housed-app","EVENTARC_CLOUD_EVENT_SOURCE":"projects/housed-app/locations/us-central1/functions/addToWaitlist"},"runtime":"nodejs20","buildId":"cd5a01bc-3cdb-439d-9305-d70a66206e01","buildEnvironmentVariables":{"GOOGLE_NODE_RUN_SCRIPTS":""},"buildName":"projects/689861315780/locations/us-central1/builds/cd5a01bc-3cdb-439d-9305-d70a66206e01","dockerRegistry":"ARTIFACT_REGISTRY","automaticUpdatePolicy":{},"buildServiceAccount":"projects/housed-app/serviceAccounts/689861315780-compute@developer.gserviceaccount.com"},"versionId":"2","updateTime":"2025-05-14T21:42:45Z","buildId":"87e1e730-003f-47da-a077-f8f0dd68c99e","buildName":"projects/689861315780/locations/us-central1/builds/87e1e730-003f-47da-a077-f8f0dd68c99e"}}
[debug] [2025-05-14T21:43:12.954Z] [update-default-us-central1-addToWaitlist] Retrying task index 0
[debug] [2025-05-14T21:43:12.955Z] Checked if tokens are valid: true, expires at: 1747262551697
[debug] [2025-05-14T21:43:12.955Z] Checked if tokens are valid: true, expires at: 1747262551697
[debug] [2025-05-14T21:43:12.955Z] >>> [apiv2][query] GET https://cloudfunctions.googleapis.com/v1/operations/aG91c2VkLWFwcC91cy1jZW50cmFsMS9hZGRUb1dhaXRsaXN0L0pJTlRkVzlGeWFv [none]
[debug] [2025-05-14T21:43:13.256Z] <<< [apiv2][status] GET https://cloudfunctions.googleapis.com/v1/operations/aG91c2VkLWFwcC91cy1jZW50cmFsMS9hZGRUb1dhaXRsaXN0L0pJTlRkVzlGeWFv 200
[debug] [2025-05-14T21:43:13.257Z] <<< [apiv2][body] GET https://cloudfunctions.googleapis.com/v1/operations/aG91c2VkLWFwcC91cy1jZW50cmFsMS9hZGRUb1dhaXRsaXN0L0pJTlRkVzlGeWFv {"name":"operations/aG91c2VkLWFwcC91cy1jZW50cmFsMS9hZGRUb1dhaXRsaXN0L0pJTlRkVzlGeWFv","metadata":{"@type":"type.googleapis.com/google.cloud.functions.v1.OperationMetadataV1","target":"projects/housed-app/locations/us-central1/functions/addToWaitlist","type":"UPDATE_FUNCTION","request":{"@type":"type.googleapis.com/google.cloud.functions.v1.CloudFunction","name":"projects/housed-app/locations/us-central1/functions/addToWaitlist","httpsTrigger":{"url":"https://us-central1-housed-app.cloudfunctions.net/addToWaitlist","securityLevel":"SECURE_ALWAYS"},"status":"ACTIVE","entryPoint":"addToWaitlist","updateTime":"2025-05-14T18:13:52.977Z","versionId":"1","labels":{"deployment-tool":"cli-firebase","firebase-functions-hash":"dfca0a39d15dc7d6799febd30e7c8759b8ca69f2"},"sourceUploadUrl":"https://storage.googleapis.com/uploads-739309159133.us-central1.cloudfunctions.appspot.com/82153e05-b049-4961-b1df-32f6d75e660e.zip?GoogleAccessId=service-689861315780@gcf-admin-robot.iam.gserviceaccount.com&Expires=1747260764&Signature=fR%2BSl7ONiXAEVuGZ%2B2%2FtzuOaGzjOX9WGG1Dh2ZW0rAUNQd48Msdb2ao8UqO6XWFx0o4ZoSqeKJPybKNH18q%2BOnasfdY%2FG5XL4FLIOz2VDneJBRfFZInbnk68Bjy9RvSJj1GrhwCK9TCNMAuUY0rONigF%2F6JdK%2By9GeEqY5ek4%2F0hzifNNn%2BoGsTN0a%2FXw3UXULnvuU3nN0O4QZlJPiKQl15uiK7HadsCCTbaP%2FhcCKH0jh%2Bjfl3NFXiTK09N03sMyiwBP0JT4LWyhCY5U7iR0oSv17SMD3lZxLoyRmkxSNK%2FaVq9Ntdg%2F2Rz6TyJy%2F%2BjylPSzGq32QEP33JEmaY8BQ%3D%3D","environmentVariables":{"FIREBASE_CONFIG":"{\"projectId\":\"housed-app\",\"storageBucket\":\"housed-app.firebasestorage.app\"}","GCLOUD_PROJECT":"housed-app","EVENTARC_CLOUD_EVENT_SOURCE":"projects/housed-app/locations/us-central1/functions/addToWaitlist"},"runtime":"nodejs20","buildId":"cd5a01bc-3cdb-439d-9305-d70a66206e01","buildEnvironmentVariables":{"GOOGLE_NODE_RUN_SCRIPTS":""},"buildName":"projects/689861315780/locations/us-central1/builds/cd5a01bc-3cdb-439d-9305-d70a66206e01","dockerRegistry":"ARTIFACT_REGISTRY","automaticUpdatePolicy":{},"buildServiceAccount":"projects/housed-app/serviceAccounts/689861315780-compute@developer.gserviceaccount.com"},"versionId":"2","updateTime":"2025-05-14T21:42:45Z","buildId":"87e1e730-003f-47da-a077-f8f0dd68c99e","buildName":"projects/689861315780/locations/us-central1/builds/87e1e730-003f-47da-a077-f8f0dd68c99e"}}
